1610302447610	geckodriver	INFO	Listening on 127.0.0.1:45483
1610302448616	mozrunner::runner	INFO	Running command: "/usr/bin/firefox" "--marionette" "-foreground" "-no-remote" "-profile" "/tmp/rust_mozprofileHD15Dc"
console.warn: SearchSettings: "get: No settings file exists, new profile?" (new Error("", "(unknown module)"))
1610302451557	Marionette	INFO	Listening on port 41315
1610302451670	Marionette	WARN	TLS certificate errors will be ignored for this session
1610302456573	Marionette	INFO	Stopped listening on port 41315
1610302847151	geckodriver	INFO	Listening on 127.0.0.1:60077
1610302847159	mozrunner::runner	INFO	Running command: "/usr/bin/firefox" "--marionette" "-foreground" "-no-remote" "-profile" "/tmp/rust_mozprofilejxNWoI"
console.warn: SearchSettings: "get: No settings file exists, new profile?" (new Error("", "(unknown module)"))
1610302850233	Marionette	INFO	Listening on port 36697
1610302850316	Marionette	WARN	TLS certificate errors will be ignored for this session
1610302854192	Marionette	INFO	Stopped listening on port 36697
1610309413595	geckodriver	INFO	Listening on 127.0.0.1:59983
1610309414606	mozrunner::runner	INFO	Running command: "/usr/bin/firefox" "--marionette" "-foreground" "-no-remote" "-profile" "/tmp/rust_mozprofile0lXoaU"
console.warn: SearchSettings: "get: No settings file exists, new profile?" (new Error("", "(unknown module)"))
1610309417587	Marionette	INFO	Listening on port 41967
1610309417661	Marionette	WARN	TLS certificate errors will be ignored for this session
1610309447183	Marionette	INFO	Stopped listening on port 41967
1610309944678	geckodriver	INFO	Listening on 127.0.0.1:47493
1610309944686	mozrunner::runner	INFO	Running command: "/usr/bin/firefox" "--marionette" "-foreground" "-no-remote" "-profile" "/tmp/rust_mozprofile3NFMpl"
console.warn: SearchSettings: "get: No settings file exists, new profile?" (new Error("", "(unknown module)"))
1610309947624	Marionette	INFO	Listening on port 34031
1610309947725	Marionette	WARN	TLS certificate errors will be ignored for this session
1610309951803	Marionette	INFO	Stopped listening on port 34031
1610309958376	geckodriver	INFO	Listening on 127.0.0.1:44787
1610309958392	mozrunner::runner	INFO	Running command: "/usr/bin/firefox" "--marionette" "-foreground" "-no-remote" "-profile" "/tmp/rust_mozprofileiYVWaC"
console.warn: SearchSettings: "get: No settings file exists, new profile?" (new Error("", "(unknown module)"))
1610309961300	Marionette	INFO	Listening on port 35535
1610309961452	Marionette	WARN	TLS certificate errors will be ignored for this session
1610309964435	Marionette	INFO	Stopped listening on port 35535
1611779454121	geckodriver	INFO	Listening on 127.0.0.1:42599
1611779455131	mozrunner::runner	INFO	Running command: "/usr/bin/firefox" "--marionette" "-foreground" "-no-remote" "-profile" "/tmp/rust_mozprofileWXNvd4"
console.warn: SearchSettings: "get: No settings file exists, new profile?" (new Error("", "(unknown module)"))
1611779457981	Marionette	INFO	Listening on port 40187
1611779458074	Marionette	WARN	TLS certificate errors will be ignored for this session
JavaScript error: https://ec.europa.eu/eurostat/combo?browserId=firefox&minifierType=js&languageId=en_GB&b=7210&t=1611240709484&/o/frontend-js-web/loader/config.js&/o/frontend-js-web/loader/loader.js&/o/frontend-js-web/aui/aui/aui.js&/o/frontend-js-web/aui/aui-base-html5-shiv/aui-base-html5-shiv.js&/o/frontend-js-web/liferay/browser_selectors.js&/o/frontend-js-web/liferay/modules.js&/o/frontend-js-web/liferay/aui_sandbox.js&/o/frontend-js-web/misc/svg4everybody.js&/o/frontend-js-web/aui/arraylist-add/arraylist-add.js&/o/frontend-js-web/aui/arraylist-filter/arraylist-filter.js&/o/frontend-js-web/aui/arraylist/arraylist.js&/o/frontend-js-web/aui/array-extras/array-extras.js&/o/frontend-js-web/aui/array-invoke/array-invoke.js&/o/frontend-js-web/aui/attribute-base/attribute-base.js&/o/frontend-js-web/aui/attribute-complex/attribute-complex.js&/o/frontend-js-web/aui/attribute-core/attribute-core.js&/o/frontend-js-web/aui/attribute-observable/attribute-observable.js&/o/frontend-js-web/aui/attribute-extras/attribute-extras.js&/o/frontend-js-web/aui/base-base/base-base.js&/o/frontend-js-web/aui/base-pluginhost/base-pluginhost.js&/o/frontend-js-web/aui/classnamemanager/classnamemanager.js&/o/frontend-js-web/aui/datatype-xml-format/datatype-xml-format.js&/o/frontend-js-web/aui/datatype-xml-parse/datatype-xml-parse.js&/o/frontend-js-web/aui/dom-base/dom-base.js&/o/frontend-js-web/aui/dom-core/dom-core.js&/o/frontend-js-web/aui/dom-screen/dom-screen.js&/o/frontend-js-web/aui/dom-style/dom-style.js&/o/frontend-js-web/aui/event-base/event-base.js&/o/frontend-js-web/aui/event-custom-base/event-custom-base.js&/o/frontend-js-web/aui/event-custom-complex/event-custom-complex.js&/o/frontend-js-web/aui/event-delegate/event-delegate.js&/o/frontend-js-web/aui/event-focus/event-focus.js&/o/frontend-js-web/aui/event-hover/event-hover.js&/o/frontend-js-web/aui/event-key/event-key.js&/o/frontend-js-web/aui/event-mouseenter/event-mouseenter.js&/o/frontend-js-web/aui/event-mousewheel/event-mousewheel.js, line 486: NS_ERROR_NOT_INITIALIZED: 
JavaScript error: , line 0: NotFoundError: No such JSWindowActor 'MarionetteEvents'
1611779460433	Marionette	INFO	Stopped listening on port 40187

###!!! [Parent][RunMessage] Error: Channel closing: too late to send/recv, messages will be lost

